Case #1:
Game Over!
Case #2:
Game Over!
Case #3:
.....
.....
.....
.....
.....
.....
.....
.....
.....
.....
.....
.....
.....
.....
.....
.....
.....
.....
.....
.....
.....
.....
.....
.....
.....
.....
.....
.....
.....
.....
.....
.....
.....
.....
.....
.....
.....
.....
.....
.....
.....
.....
.....
.....
.....
.....
.....
.....
.....
.....
.....
.....
.....
.....
.....
.....
.....
.....
.....
.....
.....
.....
.....
x....
xxxx.
Case #4:
....
....
....
....
....
....
....
....
....
Case #5:
xxxx.......
xxxx.......
xxxx.......
xxxx.......
xxxx.......
xxxx.......
xxxx.......
xxxx.......
xxxx.......
Case #6:
Game Over!
Case #7:
.....
.....
.....
.....
.....
x....
xxxx.
Case #8:
........................................
........................................
........................................
........................................
........................................
........................................
........................................
........................................
........................................
........................................
........................................
........................................
........................................
........................................
........................................
........................................
........................................
........................................
........................................
........................................
........................................
........................................
........................................
........................................
........................................
........................................
........................................
........................................
........................................
........................................
........................................
........................................
........................................
........................................
........................................
........................................
........................................
........................................
........................................
........................................
........................................
........................................
........................................
........................................
........................................
........................................
........................................
........................................
........................................
........................................
........................................
........................................
........................................
........................................
........................................
........................................
........................................
........................................
........................................
........................................
........................................
........................................
........................................
........................................
........................................
........................................
x....x....x....x....x....x....x....x....
xxxx.xxxx.xxxx.xxxx.xxxx.xxxx.xxxx.xxxx.
Case #9:
..............................
..............................
..............................
..............................
..............................
..............................
..............................
..............................
..............................
..............................
..............................
..............................
..............................
..............................
..............................
..............................
..............................
..............................
..............................
..............................
..............................
..............................
..............................
..............................
..............................
..............................
..............................
..............................
..............................
..............................
..............................
..............................
..............................
..............................
..............................
..............................
..............................
..............................
..............................
..............................
..............................
..............................
..............................
..............................
..............................
..............................
..............................
..............................
..............................
..............................
..............................
..............................
..............................
..............................
x....x....x....x....x....x....
xxxx.xxxx.xxxx.xxxx.xxxx.xxxx.
Case #10:
....................
....................
....................
....................
....................
....................
....................
....................
....................
....................
....................
....................
....................
....................
....................
....................
....................
....................
....................
....................
....................
....................
....................
....................
....................
....................
....................
....................
....................
....................
....................
....................
....................
....................
....................
....................
....................
....................
....................
....................
....................
....................
....................
....................
....................
....................
....................
....................
....................
....................
....................
....................
....................
....................
....................
....................
....................
....................
....................
....................
....................
....................
....................
....................
x..xx..x.xx...xxx...
xxxxx..xxxxxxxxxx.xx
xxxx.xxxxxxxxxxxxxxx
xxxxxxxxxxxxx.xxxxxx
x.xxxxxxxxxxxxxx.xxx
xxxxxx.xxxxxxx.xxxxx
.xxxxxxxxxxxxxxxxxxx
.xxxxxxxxx.xxxx..xxx
xxxxxx.xxxxxxxxxxxxx
xxxxx.xxxxxxxxx.xxxx
xxxxxxxxxxxx.xxx.xxx
xxxxx.xxxxxxxxxx.xxx
xxxxxxxxxxxxxxxxxx.x
xxxxx.xxxxxxxxxxxxxx
xx.xxxxxxxxxxxxxxxxx
xxxxxxxxx.xxx.xxxxxx
xxxxxxxxxxxxxxxxx.xx
xxxxxxxxxxxxxx.xxxxx
xxxxxxxxxxxxxxxx.xx.
.xxxxxxx.xxxx.xxxxxx
xxxx.x..xxxxxxxxxxxx
.xxxxxxx.xxxxxxxxxxx
.xxxxxxxxxxxxxxxxxxx
xxxx.xx.xx.x..xxx.xx
xxxxxxxxxxxxxxxxxxx.
.xxxxxxxxxxxxxxxx.xx
.xxxxx.xxxxxxxxxxxxx
xxxxxxxxx.xxxxxxx.xx
.xxxxxxxxxxxxxxx.x.x
xxxxxxxxxxxxxxxxxxx.
xxxxxxxxxxxxxxx.xxx.
.xxxxxxxxxxx.xxxxxxx
.xxxxxxxxxxxxxxx.xxx
xxxx.xx.xxx.xxxxxxxx
xxxxxxxxxxxx.xxxxxxx
xxxxxxxx.xx.xxxxxxx.
Case #11:
................................
................................
................................
................................
................................
................................
................................
................................
................................
................................
................................
................................
................................
................................
................................
................................
................................
................................
................................
................................
................................
................................
................................
................................
................................
................................
................................
................................
................................
................................
................................
................................
................................
................................
................................
................................
................................
................................
................................
................................
................................
................................
................................
................................
................................
................................
................................
................................
................................
................................
................................
................................
................................
................................
................................
................................
................................
................................
................................
................................
................................
................................
................................
................................
................................
................................
................................
................................
................................
................................
................................
................................
................................
................................
................................
................................
................................
................................
................................
................................
................................
................................
................................
................................
x...............................
xx..............................
xx..............................
x...............................
xx..............................
Case #12:
...............
...............
...............
...............
...............
...............
...............
...............
...............
...............
...............
...............
...............
...............
...............
...............
...............
...............
...............
...............
...............
...............
...............
...............
...............
...............
...............
...............
...............
...............
...............
...............
...............
...............
...............
...............
...............
...............
...............
...............
...............
...............
...............
...............
...............
...............
...............
...............
...............
...............
...............
...............
...............
...............
...............
...............
...............
...............
...............
...............
...............
...............
...............
...............
...............
...............
...............
...............
...............
...............
...............
...............
...............
...............
...............
...............
...............
...............
...............
...............
...............
...............
...............
...............
...............
...............
...............
x....x....x....
xxxx.xxxx.xxxx.
Case #13:
Game Over!
Case #14:
...............................................
...............................................
...............................................
...............................................
...............................................
...............................................
...............................................
...............................................
...............................................
...............................................
...............................................
...............................................
...............................................
...............................................
...............................................
...............................................
...............................................
.......x.......................................
......xx.......................................
.......x.......................................
Case #15:
Game Over!
Case #16:
Game Over!
Case #17:
.............................................
.............................................
.............................................
.............................................
.............................................
.............................................
.............................................
.............................................
.............................................
.............................................
.............................................
.............................................
.............................................
.............................................
.............................................
.............................................
.............................................
.............................................
.............................................
.............................................
.............................................
.............................................
.............................................
.............................................
.............................................
.............................................
.............................................
.............................................
.............................................
.............................................
.............................................
.............................................
.............................................
.............................................
.............................................
.............................................
.............................................
.............................................
.............................................
.............................................
.............................................
.............................................
.............................................
.............................................
x....x....x....x....x....x....x....x....x....
xxxx.xxxx.xxxx.xxxx.xxxx.xxxx.xxxx.xxxx.xxxx.
Case #18:
................................................................
................................................................
................................................................
................................................................
Case #19:
.........
.........
.........
.........
.........
.........
.........
.........
.........
.........
.........
.........
.........
.........
.........
.........
.........
.........
.........
.........
.........
.........
.........
.........
.........
.........
.........
.........
.........
.........
..x....x.
.xxxx.xxx
Case #20:
................
................
................
................
................
................
................
................
................
................
................
................
................
................
................
................
................
................
................
................
................
................
................
................
................
................
................
................
................
................
................
................
................
................
................
Case #21:
.......................................
.......................................
.......................................
.......................................
.......................................
.......................................
.......................................
.......................................
.......................................
.......................................
.......................................
.......................................
.......................................
.......................................
.......................................
.......................................
.......................................
.......................................
.......................................
.......................................
.......................................
.......................................
.......................................
.......................................
.......................................
.......................................
.......................................
.......................................
.......................................
.......................................
.......................................
.......................................
.......................................
.......................................
.......................................
.......................................
.......................................
.......................................
.......................................
.......................................
.......................................
.......................................
.......................................
.......................................
.......................................
.......................................
.......................................
.......................................
.......................................
.......................................
.......................................
.......................................
.......................................
.......................................
.......................................
.......................................
.......................................
.......................................
.......................................
.......................................
.......................................
.......................................
.......................................
.......................................
.......................................
.......................................
.......................................
.......................................
.......................................
.......................................
.......................................
.......................................
.......................................
.......................................
.......................................
.......................................
.......................................
.......................................
.......................................
.......................................
.......................................
.......................................
.......................................
.......................................
.......................................
.......................................
.......................................
x..x..x..x..x..x..x..x..x..x..x..x..x..
Case #22:
......................................................................
......................................................................
......................................................................
......................................................................
......................................................................
......................................................................
......................................................................
......................................................................
......................................................................
......................................................................
......................................................................
......................................................................
......................................................................
......................................................................
......................................................................
......................................................................
......................................................................
......................................................................
......................................................................
......................................................................
......................................................................
......................................................................
......................................................................
......................................................................
......................................................................
......................................................................
......................................................................
......................................................................
......................................................................
......................................................................
......................................................................
......................................................................
......................................................................
......................................................................
......................................................................
......................................................................
......................................................................
......................................................................
......................................................................
......................................................................
......................................................................
x....x....x....x....x....x....x....x....x....x....x....x....x....x....
xxxx.xxxx.xxxx.xxxx.xxxx.xxxx.xxxx.xxxx.xxxx.xxxx.xxxx.xxxx.xxxx.xxxx.
Case #23:
Game Over!
Case #24:
....................
....................
....................
....................
....................
....................
....................
....................
....................
....................
....................
....................
....................
....................
....................
....................
....................
....................
....................
....................
....................
....................
....................
....................
....................
....................
....................
....................
....................
....................
....................
....................
....................
....................
....................
....................
....................
....................
....................
....................
....................
....................
....................
....................
....................
....................
....................
....................
....................
....................
....................
....................
....................
....................
....................
....................
....................
....................
....................
....................
....................
....................
....................
....................
....................
....................
....................
....................
....................
....................
....................
....................
....................
....................
....................
....................
....................
xxxxx....xx.........
.xxxxx.xxxxx.x.x.xxx
xxxxxxxx.xxxxxxxxxxx
.xxxxxxxxxxxxxxxxxxx
xxxxxxxxxxxxxxxxx.x.
xxxxxxxxxxxxxxx.xxxx
xxxx.xxxxxxxxxxxxxxx
.xxxxxx.xxxxxxxxxx.x
xxxxxxxxxxxxxx.xxxx.
.xx.xxxx.xxxxxxxxxxx
xxxxxxxxxxx..xx..xxx
xxxxxxxxxxxxxxx.xxx.
xx.x.xx..xxxxxxxx.xx
xxxxxxxxxxx.xxxxxxxx
.xx.xxxx.xxxxxxxxxxx
xxxxxxxxx.xxxxxxxxxx
xxxxxxxxxxxxxxxxxxx.
x.xxxxx.xxxxxxxxx.xx
xx.xx.xxx.xxxxxxxxxx
xxxxxxxxxxxxxxx.xxx.
xxxxxxxxxxxxxxxx.xxx
xxxxxxxxxx.xxxxxxxxx
xx.xxxxxxxxxxxxxxxxx
Case #25:
...............................................................................
...............................................................................
...............................................................................
...............................................................................
...............................................................................
...............................................................................
...............................................................................
...............................................................................
...............................................................................
...............................................................................
...............................................................................
...............................................................................
.xxxxxxxxxxxxxxxxxxxxxxxxxxxxxxxxxxxxxxxxxxxxxxxxxxxxxxxxxxxxxxxxxxxxxxxxxxxxx.
Case #26:
...............
...............
...............
...............
...............
...............
...............
...............
...............
...............
...............
...............
...............
...............
...............
...............
...............
...............
...............
...............
...............
...............
...............
...............
...............
...............
...............
...............
...............
...............
...............
...............
...............
...............
...............
...............
...............
...............
...............
...............
...............
...............
...............
...............
...............
.xxxxxxxxxxxxx.
Case #27:
Game Over!
Case #28:
........................................
........................................
........................................
........................................
........................................
........................................
........................................
........................................
........................................
........................................
........................................
........................................
........................................
........................................
........................................
........................................
........................................
........................................
........................................
........................................
........................................
........................................
........................................
........................................
........................................
........................................
........................................
........................................
........................................
........................................
x....x....x....x....x....x....x....x....
xxxx.xxxx.xxxx.xxxx.xxxx.xxxx.xxxx.xxxx.
Case #29:
......................................................................
......................................................................
......................................................................
......................................................................
......................................................................
......................................................................
......................................................................
......................................................................
......................................................................
......................................................................
......................................................................
......................................................................
......................................................................
......................................................................
......................................................................
......................................................................
......................................................................
......................................................................
......................................................................
......................................................................
......................................................................
......................................................................
......................................................................
......................................................................
......................................................................
......................................................................
......................................................................
......................................................................
......................................................................
......................................................................
......................................................................
......................................................................
......................................................................
......................................................................
......................................................................
......................................................................
......................................................................
......................................................................
......................................................................
......................................................................
......................................................................
......................................................................
......................................................................
......................................................................
......................................................................
......................................................................
......................................................................
......................................................................
......................................................................
......................................................................
......................................................................
......................................................................
......................................................................
......................................................................
......................................................................
......................................................................
......................................................................
......................................................................
......................................................................
......................................................................
......................................................................
......................................................................
......................................................................
......................................................................
......................................................................
......................................................................
......................................................................
......................................................................
......................................................................
......................................................................
......................................................................
......................................................................
......................................................................
......................................................................
......................................................................
......................................................................
......................................................................
......................................................................
......................................................................
......................................................................
......................................................................
......................................................................
......................................................................
x....x....x....x....x....x....x....x....x....x....x....x....x....x....
xxxx.xxxx.xxxx.xxxx.xxxx.xxxx.xxxx.xxxx.xxxx.xxxx.xxxx.xxxx.xxxx.xxxx.
Case #30:
.....................................................................................
.....................................................................................
.....................................................................................
.....................................................................................
.....................................................................................
.....................................................................................
.....................................................................................
.....................................................................................
.....................................................................................
.....................................................................................
.....................................................................................
.....................................................................................
.....................................................................................
.....................................................................................
.....................................................................................
.....................................................................................
.....................................................................................
.....................................................................................
.....................................................................................
.....................................................................................
.....................................................................................
.....................................................................................
.....................................................................................
.....................................................................................
.....................................................................................
.....................................................................................
.....................................................................................
.....................................................................................
.....................................................................................
.....................................................................................
.....................................................................................
.....................................................................................
.....................................................................................
.....................................................................................
.....................................................................................
.....................................................................................
.....................................................................................
.....................................................................................
.....................................................................................
.....................................................................................
.....................................................................................
.....................................................................................
.....................................................................................
.....................................................................................
.....................................................................................
.....................................................................................
.....................................................................................
.....................................................................................
.....................................................................................
.....................................................................................
.....................................................................................
.....................................................................................
.....................................................................................
.....................................................................................
.....................................................................................
.....................................................................................
.....................................................................................
.....................................................................................
.....................................................................................
.....................................................................................
.....................................................................................
.....................................................................................
.....................................................................................
.....................................................................................
.....................................................................................
.....................................................................................
.....................................................................................
.....................................................................................
.....................................................................................
.....................................................................................
.....................................................................................
.....................................................................................
.....................................................................................
.....................................................................................
.....................................................................................
.....................................................................................
.....................................................................................
.....................................................................................
.....................................................................................
.....................................................................................
.....................................................................................
.....................................................................................
.....................................................................................
.....................................................................................
.....................................................................................
.....................................................................................
.....................................................................................
.....................................................................................
.....................................................................................
.....................................................................................
.....................................................................................
.....................................................................................
.....................................................................................
.....................................................................................
x....x....x....x....x....x....x....x....x....x....x....x....x....x....x....x....x....
xxxx.xxxx.xxxx.xxxx.xxxx.xxxx.xxxx.xxxx.xxxx.xxxx.xxxx.xxxx.xxxx.xxxx.xxxx.xxxx.xxxx.
Case #31:
xxxx.......
xxxx.......
xxxx.......
xxxx.......
xxxx.......
xxxx.......
xxxx.......
xxxx.......
xxxx.......
xxxx.......
xxxx.......
xxxx.......
xxxx.......
xxxx.......
xxxx.......
xxxx.......
xxxx.......
Case #32:
......................
......................
......................
......................
......................
......................
......................
......................
......................
......................
......................
......................
......................
......................
......................
......................
......................
......................
......................
......................
......................
......................
......................
......................
......................
......................
......................
......................
......................
......................
......................
......................
......................
......................
......................
......................
......................
......................
......................
......................
......................
......................
......................
......................
......................
......................
......................
......................
......................
......................
......................
......................
......................
......................
......................
......................
......................
......................
......................
......................
......................
......................
......................
......................
......................
......................
......................
......................
......................
......................
......................
......................
......................
......................
......................
......................
......................
......................
......................
......................
......................
......................
......................
......................
......................
......................
......................
......................
......................
......................
......................
......................
......................
......................
......................
......................
Case #33:
...............................................................
...............................................................
...............................................................
...............................................................
...............................................................
...............................................................
x..x..x..x..x..x..x..x..x..x..x..x..x..x..x..x..x..x..x..x..x..
Case #34:
............................................
............................................
............................................
............................................
............................................
............................................
............................................
............................................
............................................
............................................
............................................
............................................
............................................
............................................
............................................
............................................
............................................
............................................
............................................
............................................
............................................
............................................
............................................
............................................
............................................
............................................
............................................
............................................
............................................
............................................
............................................
............................................
............................................
............................................
............................................
............................................
............................................
............................................
............................................
............................................
............................................
............................................
............................................
............................................
............................................
............................................
............................................
............................................
Case #35:
....................
....................
....................
....................
....................
....................
....................
....................
....................
....................
....................
....................
....................
....................
....................
....................
....................
....................
....................
....................
....................
....................
....................
....................
....................
....................
....................
....................
....................
....................
....................
....................
....................
....................
....................
....................
....................
....................
....................
....................
....................
....................
....................
....................
....................
....................
....................
....................
....................
....................
....................
....................
....................
....................
....................
....................
....................
....................
....................
....................
....................
....................
....................
....................
....................
....................
....................
....................
....................
....................
....................
.......xxx.xx....xxx
xxx.xxxxxxxxx.xxxxxx
xxx.xxxxxxxxxxxxxxx.
xxx.x.xxxxx.xxxxxxxx
xxx..xxxxxxxxxxxxxxx
xxxxxx.xxxxxxx..xxxx
xxxxxxxxxxxxxxxxx.xx
xxxxxxxxxxxxx.xxxxxx
xxxxxx.xxxxxx.xxxxxx
xxxxxxxxxxxx..xxxxx.
xxxxxxxxxxxxxxxx.xxx
xxxxxxxxxxxxxxx.xxxx
xxxxxxxxxxxx.xxxxxxx
xxxxxxxxxxxx.x.xxxxx
xxxxxxxxxxxxxxxxxxx.
xxxxxxxxxxxxxxxxxxx.
xxxxxx.xxxxxxxxxxxxx
xxxxx.xxxxxxxxxxxxxx
xxxxxxxxxxx.xxxxxxxx
xxxxx.xxxx.xxxxxxxxx
.xxxx.xxxxxxxx.xxxxx
.xxxxxxxxxxxxxxx.xxx
xxxxxxxxx.xxxxxxx.xx
xxxxxxxxxxxxx.xxxxxx
xxxx.xxxxxxxx.xxxxxx
xxxxxxxxxxxxxxxxxx.x
xxxxxxxxxxxxx.xxxxxx
xxxx.xxxxxxxxxxx.xxx
xxxxxxxx.xxxxxxxxx..
Case #36:
Game Over!
Case #37:
...............................
...............................
...............................
...............................
...............................
...............................
...............................
...............................
...............................
...............................
...............................
...............................
...............................
...............................
...............................
.xxxxxxxxxxxxxxxxxxxxxxxxxxxxx.
Case #38:
....................................................................................................
....................................................................................................
....................................................................................................
....................................................................................................
....................................................................................................
....................................................................................................
....................................................................................................
....................................................................................................
....................................................................................................
....................................................................................................
x....x....x....x....x....x....x....x....x....x....x....x....x....x....x....x....x....x....x....x....
xxxx.xxxx.xxxx.xxxx.xxxx.xxxx.xxxx.xxxx.xxxx.xxxx.xxxx.xxxx.xxxx.xxxx.xxxx.xxxx.xxxx.xxxx.xxxx.xxxx.
Case #39:
................................................
................................................
................................................
................................................
................................................
................................................
................................................
................................................
................................................
................................................
................................................
................................................
................................................
................................................
................................................
................................................
................................................
................................................
................................................
................................................
................................................
................................................
................................................
................................................
................................................
................................................
................................................
................................................
................................................
x..x..x..x..x..x..x..x..x..x..x..x..x..x..x..x..
Case #40:
Game Over!
Case #41:
.........................
.........................
.........................
.........................
.........................
.........................
.........................
.........................
.........................
.........................
.........................
.........................
.........................
.........................
.........................
.........................
.........................
.........................
.........................
.........................
.........................
.........................
.........................
.........................
.........................
.........................
.........................
.........................
.........................
.........................
.........................
.........................
.........................
.........................
.........................
.........................
.........................
.........................
.........................
.........................
.........................
.........................
.........................
.........................
.........................
.........................
.........................
.........................
.........................
.........................
.........................
.........................
.........................
.........................
.........................
.........................
.........................
.........................
.........................
.........................
.........................
.........................
.........................
.........................
..........x............x.
.xxxxxxxxxxxx.xxxxxxxxxxx
Case #42:
.......................................................
.......................................................
.......................................................
.......................................................
.......................................................
.......................................................
.......................................................
.......................................................
.......................................................
.......................................................
.......................................................
.......................................................
.......................................................
.......................................................
.......................................................
.......................................................
.......................................................
.......................................................
.......................................................
.......................................................
.......................................................
.......................................................
.......................................................
.......................................................
.......................................................
.......................................................
.......................................................
.......................................................
.......................................................
.......................................................
.......................................................
.......................................................
.......................................................
.......................................................
.......................................................
.......................................................
.......................................................
.......................................................
.......................................................
.......................................................
.......................................................
.......................................................
.......................................................
.......................................................
.......................................................
.......................................................
.......................................................
.......................................................
.......................................................
.......................................................
.......................................................
.......................................................
.......................................................
.......................................................
.......................................................
.......................................................
.......................................................
.......................................................
.......................................................
.......................................................
.......................................................
.......................................................
.......................................................
.......................................................
.......................................................
.......................................................
.......................................................
.......................................................
.......................................................
.......................................................
.......................................................
.......................................................
.......................................................
.......................................................
.......................................................
.......................................................
.......................................................
.......................................................
.......................................................
x....x....x....x....x....x....x....x....x....x....x....
xxxx.xxxx.xxxx.xxxx.xxxx.xxxx.xxxx.xxxx.xxxx.xxxx.xxxx.
Case #43:
Game Over!
Case #44:
......................................................................
......................................................................
......................................................................
......................................................................
......................................................................
......................................................................
......................................................................
......................................................................
......................................................................
......................................................................
......................................................................
......................................................................
......................................................................
......................................................................
......................................................................
......................................................................
......................................................................
......................................................................
......................................................................
......................................................................
......................................................................
......................................................................
......................................................................
......................................................................
......................................................................
......................................................................
......................................................................
......................................................................
......................................................................
......................................................................
......................................................................
......................................................................
......................................................................
......................................................................
......................................................................
......................................................................
......................................................................
......................................................................
......................................................................
......................................................................
......................................................................
......................................................................
......................................................................
......................................................................
......................................................................
......................................................................
......................................................................
......................................................................
......................................................................
......................................................................
......................................................................
......................................................................
......................................................................
......................................................................
......................................................................
......................................................................
......................................................................
......................................................................
......................................................................
......................................................................
......................................................................
......................................................................
......................................................................
......................................................................
......................................................................
......................................................................
......................................................................
......................................................................
......................................................................
......................................................................
......................................................................
......................................................................
......................................................................
......................................................................
......................................................................
......................................................................
......................................................................
......................................................................
......................................................................
......................................................................
......................................................................
......................................................................
......................................................................
......................................................................
......................................................................
......................................................................
Case #45:
Game Over!
Case #46:
.........................................
.........................................
.........................................
.........................................
.........................................
.........................................
.........................................
.........................................
.........................................
.........................................
.........................................
.........................................
.........................................
.........................................
.........................................
.........................................
.........................................
.........................................
.........................................
.........................................
.........................................
.........................................
.........................................
.........................................
.........................................
.........................................
.........................................
.........................................
.........................................
.........................................
.........................................
.........................................
.........................................
.........................................
.........................................
.........................................
.........................................
.........................................
.........................................
.........................................
..................x....................x.
.xxxxxxxxxxxxxxxxxxxx.xxxxxxxxxxxxxxxxxxx
Case #47:
.....
.....
.....
.....
.....
.....
.....
.....
.....
.....
.....
.....
.....
.....
.....
.....
.....
.....
.....
.....
.....
.....
.....
.....
.....
.....
.....
.....
.....
.....
.....
.....
.....
.....
.....
.....
.....
.....
x....
xxxx.
Case #48:
............................................................................................
............................................................................................
............................................................................................
............................................................................................
Case #49:
....................................................................................................
....................................................................................................
....................................................................................................
....................................................................................................
....................................................................................................
....................................................................................................
....................................................................................................
....................................................................................................
....................................................................................................
....................................................................................................
....................................................................................................
....................................................................................................
....................................................................................................
....................................................................................................
....................................................................................................
....................................................................................................
....................................................................................................
....................................................................................................
....................................................................................................
....................................................................................................
x....x....x....x....x....x....x....x....x....x....x....x....x....x....x....x....x....x....x....x....
xxxx.xxxx.xxxx.xxxx.xxxx.xxxx.xxxx.xxxx.xxxx.xxxx.xxxx.xxxx.xxxx.xxxx.xxxx.xxxx.xxxx.xxxx.xxxx.xxxx.
Case #50:
Game Over!
