Case #1:
7401223
7478534
7641233
7349624
7544620
7640565
7434743
7684550
7332112
7468102
7394190
7640820
7417455
7547886
7522531
7368940
7717409
7406279
7530729
7415107
Case #2:
86120
80395
79585
81895
83984
86482
88613
91202
86185
88728
Case #3:
10597
14237
12903
9563
9441
9441
12296
11461
10983
12361
11830
9705
14457
14115
13090
10532
9841
10346
13916
10763
Case #4:
7429737881
7433226404
7446728239
7427595117
7454264337
7435151192
7435192966
7434490307
7461333621
7447231197
7441646833
7425870307
7462723316
7459084828
7438576443
7455056830
7460818737
7439336539
7439266895
7430890739
Case #5:
15241058
15294995
15266561
15365363
15006667
15272844
15401682
15454817
15209454
15106003
15443608
15098792
14878877
15141754
15424709
15509938
15204488
15125316
15296378
14961395
Case #6:
6703338844
6732334274
6732926486
6701666303
6730696669
6733537699
6714521017
6734021564
6703945498
6732855575
6730935113
6716468466
6719082929
6737032419
6734204386
6726159555
6722119496
6736667246
6720340342
6713958212
Case #7:
6511582408
6507721502
6527928361
6499589972
6514490401
6524421276
6534329405
6516843816
6496574435
6512299499
6496350655
6513474004
6531703689
6499265430
6507529749
6517311445
6508185897
6497061164
6514613685
6505482996
Case #8:
6821625051
6807952329
6841137704
6817763635
6816024791
6810733999
6841097360
6808704718
6831338317
6821037715
6813711277
6810541694
6827268224
6841416480
6842805915
6836719291
6827296827
6818148520
6822858680
6837364998
Case #9:
6743957197
6761479604
6766581261
6748520454
6743321147
6738875128
6761271396
6752220501
6734607867
6739459217
6759414673
6740881990
6747370954
6741972982
6745432320
6727270347
6731649231
6741341689
6735207329
6750738154
Case #10:
8056018861
8066796492
8051032208
8071387424
8083107789
8071580276
8075776459
8063896154
8071945122
8078122515
8054194981
8077961710
8088458103
8082454298
8073210290
8048680090
8087117587
8049645549
8083322717
8080142089
