Case #1:
8242136
8112295
7806589
8229019
8189655
8166792
7872739
8187979
7879954
7860163
7895731
7983707
8206924
7930212
7897861
7965105
8066449
8074658
7849691
7826885
Case #2:
131071
116334
114828
126385
113110
123436
104655
104902
105742
109898
Case #3:
66186
52794
65832
66636
53472
66831
62903
52717
52608
51802
63991
55671
66265
60212
55690
53491
66538
53088
60731
64407
Case #4:
6463779245
6486549043
6455672521
6474514972
6463878849
6460243389
6468323824
6462209867
6473675843
6474328585
6452808284
6486734206
6469025993
6467066132
6480491452
6465242338
6485999434
6466114077
6452785318
6473599366
Case #5:
22981918
23056095
22866308
23272122
22797179
23460148
23351797
23354939
22969512
23400152
23086724
22763444
23203357
22957274
23013936
23466615
23128972
23092669
22874058
23523831
Case #6:
6781653654
6754541602
6780371074
6762238500
6796444315
6756602585
6784972416
6773053836
6761268137
6782307749
6760988419
6796258301
6778008307
6775914100
6772044135
6761765714
6788968221
6788186641
6770782006
6792705672
Case #7:
7098019738
7065871601
7082586038
7096066665
7108673125
7086169856
7076014136
7108603421
7103374423
7075596897
7099867788
7071696036
7102412579
7096212604
7067830296
7080709619
7080944849
7086107815
7069235823
7091772156
Case #8:
7423766035
7419707663
7408548787
7434684484
7432877841
7431099001
7412170876
7406202588
7442533338
7411247781
7437343832
7417222637
7442216156
7433207287
7419398856
7406052962
7433695804
7429241303
7444737506
7432915110
Case #9:
7440728201
7460349499
7434536465
7459750375
7443823672
7438067525
7447433699
7418471013
7460314028
7450439147
7421172726
7435863577
7429840405
7418491769
7457188141
7417912166
7443321082
7417224439
7429054154
7420666091
Case #10:
7551427488
7575944712
7573272847
7557934550
7568341590
7555521123
7548956696
7547068164
7548042371
7535053576
7559370479
7539583893
7571893082
7548110148
7533617287
7561786138
7569840756
7564645694
7567260957
7575904100
