Case #1: NVZJFORLGABJDZXH
Case #2: BTHEYJP IYWGKDFXOYDM
Case #3: GVYWITAQPCZLQKLCOL
Case #4: FXKVQQRGO TM MJIKDPS
Case #5: BF TPAGHPWJPJQMNEHK
Case #6: BWHNKWKJMBGAD XTL
Case #7: N PRQSJEMYZETHGIFC
Case #8: AAYHEQWPECJKVUURKI
Case #9: UXKFSHTZ UVMNIULYFHS
Case #10: FGXPHDHMDRYWEOJWLALA
Case #11: VKVMXSWV OHIDHOEYNC
Case #12: PFYZDG QSTZFVSNBHJIW
Case #13: NITMRUPKCHYT OXYZF
Case #14: AJHFUOGSVNJVD J QLCZ
Case #15: UMJGZJVIBNDSLBRRQS J
Case #16: SWFHYCXVYNDTJGRDG O
Case #17: PKAYGHUWXWDPSULNOC
Case #18: OXR WBPLEQDIMCWPKH
Case #19: JOHNSON
Case #20: DZ VMHFQRTOER AWMYLG
Case #21: GDPU D GJAFEVORLHKQT
Case #22: HA MXFNC BI LUFYDT
Case #23: RNRUYPQKZECLJWDV
Case #24: FSUR HM ZCNIPFYCEDDJ
Case #25: CB PIJX L MV FYUOZLM
Case #26: MUWNFVAKB ENHLCAZ
Case #27: ACIQFOUBFGXASYLM
Case #28: QBAOVJNQGAILAMX HFC
Case #29: CKVQH WMOESSZSWFIDL
Case #30: IQWUHURFCXGSKYIZTNFY
Case #31: T PVMVSJ LBCYQ WIEPR
Case #32: CITUR HQNLMSZYWUG
Case #33: XOXMHYOGGFWHLUIPJZK
Case #34: WMPIKEADTZHVUKQJC
Case #35: OACQEH   LX GWYSHB
Case #36: KMTDJYCYFAV IQZUR DP
Case #37: LHSZZVYIAJBWHMQ RP E
Case #38: ALPOUJ TEX NIKVQR
Case #39: BWPLVMNREQASXV K
Case #40: PCLGVOIASMWZU EF Y
Case #41: DQZ JVE SLJNWGJAPMPR
Case #42: EJYI TCPXGULK S  NJL
Case #43: UHSCD YROQXSVLDIF
Case #44: VNXJQGBAMRKSWSWOEXW
Case #45: OCNSQGLBFDJITDAM
Case #46: HRUDOBGWLES I YNPXX
Case #47: ZGNQP WXCOVUMMFQIDK
Case #48: EEKNMCZCNKUIODFBTY
Case #49: FKZ XAGN PHIUKE  LRJ
Case #50: SMEPOZFCRLKQWPRUN
Case #51: DNASHIWCBQUGRZNALY V
Case #52: DQCMDFEOU UAXGXW VZ
Case #53: ULFMSAZJSZMYIOWOYDH
Case #54: A AB C
Case #55: ZPXURNXRACDHWPZFYYM
Case #56: MY G X AZVJIB WEEHFU
Case #57: CRPRFQYLCBDCAON  FTG
Case #58: Z BQFVTGT YSCO XDUI
Case #59: S FWLGQKNBIONQAZCED
Case #60: POYIKB MNT MVR NULD
Case #61: GQMA TNYJELEVDDRBT
Case #62: BONSKQQUMMZZPKACWFFS
Case #63: EG OVPDAUFXWOT VC
Case #64: CZPDIF VCKSJQTAYLAJ
Case #65: BD GOVNAWI  SQFLALQP
Case #66: KHXRLGNTAVBH OVUSC
Case #67: KVJWAUZWSLJFM LHKCLB
Case #68: BKWBRVZVLGIFIAQNU
Case #69: IFVSQHGMCO  YNQHKAR
Case #70: GJWVEASZOKYURTOOFK
Case #71: BJ LQVZZOKYAH WIYC
Case #72: CFUOUKXJKZKA AFYCLHI
Case #73: LFEXVRBTNK IJ AN LW
Case #74: YWVNBXGSEHB LKWFGWAP
Case #75: DTIQ  QLUOPZSKWXEWB
Case #76: NGCZ MY YQTJBAOLHVDN
Case #77: JU NHKJOEHXUUKDLPCGS
Case #78: WIVPOQJTJNYXKGVEODK
Case #79: DLHLE WBAM NOL KXQBZ
Case #80: RCW EDHKL ZSBFRJOU
Case #81: RSPL DBNVOR WKGZMIQI
Case #82: NFCYQIWVPZNGCZL XD
Case #83: IXTDIWRPVHGSRRUF N
Case #84: GZHLWVTCJHEKCMSWAF
Case #85: QL NMGH OCFZ  MIKBT
Case #86: BW IBVY UA TSXLENFI
Case #87: NYMQX  BKYDUZADJSWKQ
Case #88: CEHZJOSXQTQULAGWLH
Case #89: MJWPESJBTOXTK AD QD
Case #90: WO CDZSPQTAKMOESJT
Case #91: ANVXQ S PEGHYDJNRH
Case #92: DETDHJCXRNEMPQZBKUXD
Case #93: FWDQYQAZLJPSRMXFGUS
Case #94: O HE LVTWGYAVPSXDH
Case #95: ABYDQXKLOTVOKGJHCM
Case #96: UFZ W MXTSPBYAECAUNJ
Case #97: SEOVN BNKEYHFXGGCHQD
Case #98: QIBTBGDWDPYXQHFWFUOS
Case #99: VZORHAIDSUNECIOM
Case #100: HFYJZTSXMYOJA MNCB
