Case #1: ONCIRCPXYALYHWGUKDLK
Case #2: GAPCHOWQMFBHTXIVJ
Case #3: OVPRPPVWBMEXVFDCSHIL
Case #4: MLGTDQWIPEOTZNTBXVCQ
Case #5: RZLQCPARTWVOJNFMKHYH
Case #6: YTRPQMQJLARFNKDSWB
Case #7: YSQPUOTKRZJJZNRCGLAV
Case #8: TZPAQHLHWVOUEJUYXF
Case #9: LPASXYVJKCZGONUKD
Case #10: BQCRJDXWJVAEQPCZMHG
Case #11: NIWCMLBFHEMDZPQJWKNZ
Case #12: ABMSTKEOVJTOQPPXDDF
Case #13: CCVGJPWTLEUCWNMBXK
Case #14: ANLMEUTQYPWITSGZARY
Case #15: EOVRTQKNFCXNDAPEMUU
Case #16: OMUJZXQLQPBTRZVRCGA
Case #17: KXOLXJNZBCRSGVRFMBCI
Case #18: NYWODTDEMGJHFNZHCLWP
Case #19: RENJVCIQHGZPIMSGGBU
Case #20: JZPCTQIKPAPROUSSEDCE
Case #21: HCDVEODKGXBFPTLDZIB
Case #22: DIUKTPCWDAPNZFLNAAZM
Case #23: DNKXVHSASXFLQZCJR
Case #24: ZEFNLVQKHOTJEZUQYXRR
Case #25: TQFIXXLSKNLPIDMAZYIV
Case #26: ECJQBHYUUPXYGRVGTWZ
Case #27: HTHVKGGASGMBOAUJLP
Case #28: SJUIYJBUUENAXTABKHFD
Case #29: ZSACBDKMENJVGLRJWX
Case #30: NPYUKWWBQIMGJTHXEIA
Case #31: NKBDQJCJHNVEGSZLWIVF
Case #32: TQCYNBELUPVDHHJEBES
Case #33: CNQTMAHESZCHXXHJWFO
Case #34: IZRUPHKRLDXBQJYCCIQN
Case #35: ADEMUSCKJZHVEGBQXNQT
Case #36: EUFHIDLGYAQXPHTSYAM
Case #37: BEFFMZIMKJLZWUVLTHUS
Case #38: FVUODDQYOXEBSPANCJP
Case #39: SRFNPRZXMKTCOFTBDEQJ
Case #40: OHYJSVTDPWZFIRKWAGGP
Case #41: NJDIGMAOKYLQNPRKBXC
Case #42: EMJVRQNHDEWHSFIJAYRG
Case #43: JSGWJRASFXBPWCEZKCR
Case #44: MWOBKDDRIRLFZEAPATS
Case #45: DOXRCEFLJPOAXUHWYNXA
Case #46: DZSVQUYYOWFBWXDXIME
Case #47: BTCQXBNMNWSLZAZJIYDC
Case #48: BMHNRSLZBTGPEQRISLA
Case #49: JBNVKQMFBKWEIIZLOH
Case #50: XMLKQWBEZXCHZUNOTFAU
Case #51: BVLIIWATSORNQDBME
Case #52: XDXJFKFLRBCWYOSVGFAK
Case #53: ADTBMPLVWLIIQYSJLNK
Case #54: USZRFTFEKYOOFIHDXGB
Case #55: BHDLOPZNEPMEAXIBUGRF
Case #56: BIPEUHCSQGLCYJYTRT
Case #57: DFXGJHCTGEFOBSLJJWQZ
Case #58: JZPIYVHGRAKDHPFODNMM
Case #59: RNUZJZCSPHDQZYIAOJWY
Case #60: OHCRPMPGIDSFEHYBWFX
Case #61: EZPCKVYSURODUMFLUGR
Case #62: WIVXDORGMSUXGCAABQH
Case #63: CPNUAHMZHJJWXRZTGOJ
Case #64: KSMNDOHWDYAPRAJQEAB
Case #65: PHBTFIOHGLDYOZUWJEN
Case #66: JOHNSON
Case #67: AJNMHGZFKGFRTITXOQ
Case #68: DMLOXPDNGILSFEWIXCAY
Case #69: RXCZUYSVNVBEZOTALIY
Case #70: FTPSWIJEDNUYDBMVH
Case #71: AMWUOWYEZOFNMQTGXIT
Case #72: DBLRQCTXZFVGNKNDO
Case #73: KQVPAYEOATGCUZBJRXKZ
Case #74: FRPXBCNSOLYBDWHCPHQN
Case #75: DHCRNRILZQIMBERWAFT
Case #76: GKSZGUMQFAICCOTENGHB
Case #77: DZKXYBLIICNHBQFMNSQA
Case #78: HQRMJYBFHKTNOVUMSL
Case #79: TTOLVJHSVIDKNNERZTFG
Case #80: EHSWQWXGFDPNOCRKQ
Case #81: ENJXPTYMKDPQVGFPNIRA
Case #82: PGCFKLTXKNSZQMNZYSJD
Case #83: ARCDKHQVBUVOVSFCPEN
Case #84: TLEJALWWFDWZHCIRUMY
Case #85: IXUXWNXLTOKSDYPGUCFL
Case #86: BYAPTCXQVDOASRXZSGE
Case #87: QUXPSWLVEHTIXPBHDKYK
Case #88: QQNGPKKNURCFZAHTWKOA
Case #89: NARLPTEDSKSVCYHUBBJA
Case #90: VWLZCRKDGRFUXJPWZEBO
Case #91: FNKGYMITEJQMSPHVZ
Case #92: HCDSYIEBPEOQKYUAMVOT
Case #93: VCYXXDCZTPWULSWBOYRF
Case #94: JRMZVDAQXWPIKJBFCSO
Case #95: FYBETXVKRKCUMFWSDO
Case #96: OZAKQHJLMVNDYWTBCNB
Case #97: QRUSPIWZDCLVJNTCF
Case #98: GYUWCAPEJRZSDDQLLBUV
Case #99: TBKJTASPLPUNOIGKIDZ
Case #100: GSYIOZFRCDLQJLRUMHZ
